0 info it worked if it ends with ok
1 verbose cli [ 'C:\\Program Files\\nodejs\\node.exe',
1 verbose cli   'C:\\Program Files\\nodejs\\node_modules\\npm\\bin\\npm-cli.js',
1 verbose cli   'install',
1 verbose cli   '--save-dev',
1 verbose cli   'jquery',
1 verbose cli   '2.2.4' ]
2 info using npm@3.6.0
3 info using node@v5.6.0
4 silly loadCurrentTree Starting
5 silly install loadCurrentTree
6 silly install readLocalPackageData
7 silly fetchPackageMetaData jquery@^3.2.1
8 silly fetchPackageMetaData 2.2.4
9 silly fetchNamedPackageData jquery
10 silly mapToRegistry name jquery
11 silly mapToRegistry using default registry
12 silly mapToRegistry registry https://registry.npmjs.org/
13 silly mapToRegistry uri https://registry.npmjs.org/jquery
14 silly fetchNamedPackageData 2.2.4
15 silly mapToRegistry name 2.2.4
16 silly mapToRegistry using default registry
17 silly mapToRegistry registry https://registry.npmjs.org/
18 silly mapToRegistry uri https://registry.npmjs.org/2.2.4
19 verbose request uri https://registry.npmjs.org/2.2.4
20 verbose request no auth needed
21 info attempt registry request try #1 at 1:36:38 PM
22 verbose request id b13f61bbfccf9f49
23 http request GET https://registry.npmjs.org/2.2.4
24 verbose request uri https://registry.npmjs.org/jquery
25 verbose request no auth needed
26 info attempt registry request try #1 at 1:36:38 PM
27 verbose etag W/"58f35baa-15f50"
28 verbose lastModified Sun, 16 Apr 2017 11:55:22 GMT
29 http request GET https://registry.npmjs.org/jquery
30 http 304 https://registry.npmjs.org/jquery
31 verbose headers { date: 'Mon, 17 Apr 2017 17:36:48 GMT',
31 verbose headers   via: '1.1 varnish',
31 verbose headers   'cache-control': 'max-age=300',
31 verbose headers   etag: 'W/"58f35baa-15f50"',
31 verbose headers   age: '133',
31 verbose headers   connection: 'keep-alive',
31 verbose headers   'x-served-by': 'cache-ord1734-ORD',
31 verbose headers   'x-cache': 'HIT',
31 verbose headers   'x-cache-hits': '4',
31 verbose headers   'x-timer': 'S1492450608.449996,VS0,VE0',
31 verbose headers   vary: 'Accept-Encoding' }
32 silly get cb [ 304,
32 silly get   { date: 'Mon, 17 Apr 2017 17:36:48 GMT',
32 silly get     via: '1.1 varnish',
32 silly get     'cache-control': 'max-age=300',
32 silly get     etag: 'W/"58f35baa-15f50"',
32 silly get     age: '133',
32 silly get     connection: 'keep-alive',
32 silly get     'x-served-by': 'cache-ord1734-ORD',
32 silly get     'x-cache': 'HIT',
32 silly get     'x-cache-hits': '4',
32 silly get     'x-timer': 'S1492450608.449996,VS0,VE0',
32 silly get     vary: 'Accept-Encoding' } ]
33 verbose etag https://registry.npmjs.org/jquery from cache
34 verbose get saving jquery to C:\Users\eklein\AppData\Roaming\npm-cache\registry.npmjs.org\jquery\.cache.json
35 verbose correctMkdir C:\Users\eklein\AppData\Roaming\npm-cache correctMkdir not in flight; initializing
36 http 404 https://registry.npmjs.org/2.2.4
37 verbose headers { 'content-type': 'application/json',
37 verbose headers   'cache-control': 'max-age=0',
37 verbose headers   'content-length': '2',
37 verbose headers   'accept-ranges': 'bytes',
37 verbose headers   date: 'Mon, 17 Apr 2017 17:36:48 GMT',
37 verbose headers   via: '1.1 varnish',
37 verbose headers   age: '0',
37 verbose headers   connection: 'keep-alive',
37 verbose headers   'x-served-by': 'cache-ord1747-ORD',
37 verbose headers   'x-cache': 'MISS',
37 verbose headers   'x-cache-hits': '0',
37 verbose headers   'x-timer': 'S1492450608.445211,VS0,VE156',
37 verbose headers   vary: 'Accept-Encoding' }
38 silly get cb [ 404,
38 silly get   { 'content-type': 'application/json',
38 silly get     'cache-control': 'max-age=0',
38 silly get     'content-length': '2',
38 silly get     'accept-ranges': 'bytes',
38 silly get     date: 'Mon, 17 Apr 2017 17:36:48 GMT',
38 silly get     via: '1.1 varnish',
38 silly get     age: '0',
38 silly get     connection: 'keep-alive',
38 silly get     'x-served-by': 'cache-ord1747-ORD',
38 silly get     'x-cache': 'MISS',
38 silly get     'x-cache-hits': '0',
38 silly get     'x-timer': 'S1492450608.445211,VS0,VE156',
38 silly get     vary: 'Accept-Encoding' } ]
39 silly fetchPackageMetaData Error: Registry returned 404 for GET on https://registry.npmjs.org/2.2.4
39 silly fetchPackageMetaData     at makeError (C:\Users\eklein\AppData\Roaming\nvm\v5.6.0\node_modules\npm\node_modules\npm-registry-client\lib\request.js:264:12)
39 silly fetchPackageMetaData     at CachingRegistryClient.<anonymous> (C:\Users\eklein\AppData\Roaming\nvm\v5.6.0\node_modules\npm\node_modules\npm-registry-client\lib\request.js:242:14)
39 silly fetchPackageMetaData     at Request._callback (C:\Users\eklein\AppData\Roaming\nvm\v5.6.0\node_modules\npm\node_modules\npm-registry-client\lib\request.js:172:14)
39 silly fetchPackageMetaData     at Request.self.callback (C:\Users\eklein\AppData\Roaming\nvm\v5.6.0\node_modules\npm\node_modules\request\request.js:198:22)
39 silly fetchPackageMetaData     at emitTwo (events.js:100:13)
39 silly fetchPackageMetaData     at Request.emit (events.js:185:7)
39 silly fetchPackageMetaData     at Request.<anonymous> (C:\Users\eklein\AppData\Roaming\nvm\v5.6.0\node_modules\npm\node_modules\request\request.js:1035:10)
39 silly fetchPackageMetaData     at emitOne (events.js:95:20)
39 silly fetchPackageMetaData     at Request.emit (events.js:182:7)
39 silly fetchPackageMetaData     at IncomingMessage.<anonymous> (C:\Users\eklein\AppData\Roaming\nvm\v5.6.0\node_modules\npm\node_modules\request\request.js:962:12)
39 silly fetchPackageMetaData  error for 2.2.4 { [Error: Registry returned 404 for GET on https://registry.npmjs.org/2.2.4] pkgid: '2.2.4', statusCode: 404, code: 'E404' }
40 silly rollbackFailedOptional Starting
41 silly rollbackFailedOptional Finishing
42 silly runTopLevelLifecycles Starting
43 silly runTopLevelLifecycles Finishing
44 silly install printInstalled
45 verbose stack Error: Registry returned 404 for GET on https://registry.npmjs.org/2.2.4
45 verbose stack     at makeError (C:\Users\eklein\AppData\Roaming\nvm\v5.6.0\node_modules\npm\node_modules\npm-registry-client\lib\request.js:264:12)
45 verbose stack     at CachingRegistryClient.<anonymous> (C:\Users\eklein\AppData\Roaming\nvm\v5.6.0\node_modules\npm\node_modules\npm-registry-client\lib\request.js:242:14)
45 verbose stack     at Request._callback (C:\Users\eklein\AppData\Roaming\nvm\v5.6.0\node_modules\npm\node_modules\npm-registry-client\lib\request.js:172:14)
45 verbose stack     at Request.self.callback (C:\Users\eklein\AppData\Roaming\nvm\v5.6.0\node_modules\npm\node_modules\request\request.js:198:22)
45 verbose stack     at emitTwo (events.js:100:13)
45 verbose stack     at Request.emit (events.js:185:7)
45 verbose stack     at Request.<anonymous> (C:\Users\eklein\AppData\Roaming\nvm\v5.6.0\node_modules\npm\node_modules\request\request.js:1035:10)
45 verbose stack     at emitOne (events.js:95:20)
45 verbose stack     at Request.emit (events.js:182:7)
45 verbose stack     at IncomingMessage.<anonymous> (C:\Users\eklein\AppData\Roaming\nvm\v5.6.0\node_modules\npm\node_modules\request\request.js:962:12)
46 verbose statusCode 404
47 verbose pkgid 2.2.4
48 verbose cwd C:\ElectronDemo
49 error Windows_NT 6.1.7601
50 error argv "C:\\Program Files\\nodejs\\node.exe" "C:\\Program Files\\nodejs\\node_modules\\npm\\bin\\npm-cli.js" "install" "--save-dev" "jquery" "2.2.4"
51 error node v5.6.0
52 error npm  v3.6.0
53 error code E404
54 error 404 Registry returned 404 for GET on https://registry.npmjs.org/2.2.4
55 error 404
56 error 404 '2.2.4' is not in the npm registry.
57 error 404 You should bug the author to publish it (or use the name yourself!)
58 error 404 Note that you can also install from a
59 error 404 tarball, folder, http url, or git url.
60 verbose exit [ 1, true ]
